{
  "RSpec": {
    "coverage": {
      "/home/mirthful-key-4305/tic-tac-toe-rb-online-web-sp-000/lib/tic_tac_toe.rb": [
        null,
        1,
        null,
        null,
        null,
        null,
        null,
        null,
        null,
        null,
        null,
        1,
        24,
        24,
        24,
        24,
        24,
        null,
        null,
        null,
        1,
        966,
        null,
        null,
        1,
        21,
        null,
        null,
        1,
        966,
        19,
        null,
        947,
        null,
        null,
        null,
        1,
        968,
        21,
        947,
        947,
        null,
        null,
        null,
        null,
        null,
        1,
        20,
        20,
        180,
        24,
        null,
        null,
        null,
        20,
        null,
        null,
        1,
        19,
        12,
        null,
        7,
        null,
        null,
        null,
        null,
        1,
        964,
        963,
        963,
        963,
        18,
        null,
        null,
        945,
        null,
        19,
        null,
        null,
        1,
        26,
        null,
        186,
        186,
        186,
        null,
        null,
        186,
        186,
        186,
        null,
        186,
        5,
        181,
        4,
        null,
        null,
        17,
        null,
        null,
        1,
        22,
        75,
        null,
        null,
        null,
        null,
        null,
        null,
        1,
        21,
        null,
        null,
        1,
        16,
        null,
        null,
        1,
        4,
        4,
        3,
        3,
        3,
        null,
        null,
        null,
        null,
        1,
        12,
        7,
        6,
        2,
        4,
        1,
        null,
        null,
        null,
        null,
        null,
        null,
        null,
        null,
        null,
        null,
        null,
        null,
        null,
        null,
        null,
        null,
        null,
        null,
        null,
        null,
        null,
        null,
        null,
        null
      ]
    },
    "timestamp": 1610487907
  }
}
